#
# Copyright 2020 The ANGLE Project Authors. All rights reserved.
# Use of this source code is governed by a BSD-style license that can be
# found in the LICENSE file.
#
# Test are entered like
# BUG : test-name = handling/result
#
# valid values for "handling/result" are
#
#   EXCLUDE_FROM_RUN : capture_replay_tests.py drops this test from the
#                      list of tests that will be passed to end2end_tests,
#                      i.e. we will not try to run the test
#
#   SKIPPED : the is expceted to be skipped by the end2end_tests program
#
#   FAIL : the test is expected to fail
#
#   TIMEOUT : the test is ecpected to time out
#
#   COMPILE_FAILED : the compilation of the capture_replay exec is ecpected to fail
#
#   CRASHED : the test is expected to crash
#
# For test batches that run more than one test TIMEOUT, COMPILE_FAILED, and CRASHED
# will have to be set for all tests that run a batch, because one test that fails
# with one of these outcomes will bring down the whole batch.
#

6180 : ClipDistanceTest.ThreeClipDistances/ES2_Vulkan_SwiftShader = FAIL
6180 : ClipDistanceTest.ThreeClipDistancesRedeclared/ES2_Vulkan_SwiftShader = FAIL
6180 : ExternalWrapTest.ClampToEdge/ES2_Vulkan_SwiftShader = EXCLUDE_FROM_RUN
6180 : ExternalWrapTest.MirroredRepeat/ES2_Vulkan_SwiftShader = EXCLUDE_FROM_RUN
6180 : ExternalWrapTest.NoWrap/ES2_Vulkan_SwiftShader = EXCLUDE_FROM_RUN
6180 : ExternalWrapTest.Repeat/ES2_Vulkan_SwiftShader = EXCLUDE_FROM_RUN
6180 : FramebufferTest.MultiContextNoRenderingFeedbackLoops/ES2_Vulkan_SwiftShader = EXCLUDE_FROM_RUN
6180 : GLSLTest.ArrayOfStructContainingArrayOfSamplers/ES2_Vulkan_SwiftShader = FAIL
6180 : GLSLTest.ZeroShaderLength/ES2_Vulkan_SwiftShader = EXCLUDE_FROM_RUN

6180 : ImageTest.Deletion/ES2_Vulkan_SwiftShader = FAIL
6180 : ImageTest.MipLevels/ES2_Vulkan_SwiftShader = FAIL
6180 : ImageTest.Source2DTarget2D/ES2_Vulkan_SwiftShader = FAIL
6180 : ImageTest.Source2DTargetExternal/ES2_Vulkan_SwiftShader = FAIL
6180 : ImageTest.SourceCubeTarget2D/ES2_Vulkan_SwiftShader = FAIL
6180 : ImageTest.SourceRenderbufferTargetTexture/ES2_Vulkan_SwiftShader = FAIL
6180 : ImageTest.SourceRenderbufferTargetTextureExternal/ES2_Vulkan_SwiftShader = FAIL
6180 : ImageTest.UpdatedData/ES2_Vulkan_SwiftShader = FAIL
6180 : ImageTest.SourceCubeTargetExternal/ES2_Vulkan_SwiftShader = EXCLUDE_FROM_RUN

6180 : PbufferTest.BindTexImage/ES2_Vulkan_SwiftShader = FAIL
6180 : PbufferTest.Clearing/ES2_Vulkan_SwiftShader = FAIL
6180 : PbufferTest.TextureSizeReset/ES2_Vulkan_SwiftShader = FAIL

6180 : Texture2DTest.DefineMultipleLevelsWithoutMipmapping/ES2_Vulkan_SwiftShader = EXCLUDE_FROM_RUN

6180 : VulkanExternalImageTest.ShouldImportSemaphoreOpaqueFd/ES2_Vulkan_SwiftShader = EXCLUDE_FROM_RUN
6180 : VulkanExternalImageTest.WaitSemaphoresRetainsContentOpaqueFd/ES2_Vulkan_SwiftShader = EXCLUDE_FROM_RUN
6180 : VulkanExternalImageTest.ShouldClearOpaqueFdWithSemaphoresWithFlags/ES2_Vulkan_SwiftShader = EXCLUDE_FROM_RUN
6180 : VulkanExternalImageTest.ShouldClearOpaqueFdWithSemaphoresNoStorage/ES2_Vulkan_SwiftShader = EXCLUDE_FROM_RUN
6180 : VulkanExternalImageTest.ShouldClearOpaqueFdWithSemaphores/ES2_Vulkan_SwiftShader = EXCLUDE_FROM_RUN
6180 : VulkanExternalImageTest.ShouldClearOpaqueFdWithSemaphoresMutableNoStorage/ES2_Vulkan_SwiftShader = EXCLUDE_FROM_RUN
6180 : VulkanExternalImageTest.ShouldDrawOpaqueFdWithSemaphores/ES2_Vulkan_SwiftShader = EXCLUDE_FROM_RUN
6180 : WebGLCompatibilityTest.MultiContextNoRenderingFeedbackLoops/ES2_Vulkan_SwiftShader = EXCLUDE_FROM_RUN
